<?xml version="1.0" encoding="UTF-8"?>
<!-- Generated by org.testng.reporters.JUnitReportReporter -->
<testsuite hostname="LAPTOP-7FB3PP7D" failures="0" tests="1" name="endToEnd.PlaceTheOrder" time="19.925" errors="0" timestamp="2023-03-11T12:43:12 IST" skipped="0">
  <testcase classname="endToEnd.PlaceTheOrder" name="placeTheOrderwithCODPayment" time="19.925"/>
  <system-out/>
</testsuite> <!-- endToEnd.PlaceTheOrder -->
